<?xml version="1.0" encoding="UTF-8"?>
<coverage generated="1748210198467" clover="3.2.0">
  <project timestamp="1748210198467" name="All files">
    <metrics statements="110" coveredstatements="106" conditionals="6" coveredconditionals="5" methods="29" coveredmethods="25" elements="145" coveredelements="136" complexity="0" loc="110" ncloc="110" packages="2" files="6" classes="6"/>
    <package name="animals">
      <metrics statements="77" coveredstatements="77" conditionals="4" coveredconditionals="3" methods="12" coveredmethods="12"/>
      <file name="cat.ts" path="/Users/elis/Developer/misc/tech-tests/Frontend-Animal-Test/src/animals/cat.ts">
        <metrics statements="17" coveredstatements="17" conditionals="0" coveredconditionals="0" methods="2" coveredmethods="2"/>
        <line num="1" count="2" type="stmt"/>
        <line num="2" count="2" type="stmt"/>
        <line num="4" count="2" type="stmt"/>
        <line num="10" count="2" type="stmt"/>
        <line num="15" count="2" type="stmt"/>
        <line num="16" count="4" type="stmt"/>
        <line num="17" count="4" type="stmt"/>
        <line num="18" count="4" type="stmt"/>
        <line num="21" count="4" type="stmt"/>
        <line num="22" count="4" type="stmt"/>
        <line num="26" count="1" type="stmt"/>
        <line num="28" count="1" type="stmt"/>
        <line num="31" count="1" type="stmt"/>
        <line num="34" count="1" type="stmt"/>
        <line num="38" count="1" type="stmt"/>
        <line num="39" count="1" type="stmt"/>
        <line num="40" count="1" type="stmt"/>
      </file>
      <file name="dinosaur.ts" path="/Users/elis/Developer/misc/tech-tests/Frontend-Animal-Test/src/animals/dinosaur.ts">
        <metrics statements="17" coveredstatements="17" conditionals="0" coveredconditionals="0" methods="2" coveredmethods="2"/>
        <line num="1" count="2" type="stmt"/>
        <line num="2" count="2" type="stmt"/>
        <line num="4" count="2" type="stmt"/>
        <line num="10" count="2" type="stmt"/>
        <line num="16" count="2" type="stmt"/>
        <line num="17" count="8" type="stmt"/>
        <line num="18" count="8" type="stmt"/>
        <line num="19" count="8" type="stmt"/>
        <line num="22" count="8" type="stmt"/>
        <line num="23" count="8" type="stmt"/>
        <line num="27" count="65" type="stmt"/>
        <line num="29" count="65" type="stmt"/>
        <line num="32" count="65" type="stmt"/>
        <line num="35" count="65" type="stmt"/>
        <line num="39" count="65" type="stmt"/>
        <line num="40" count="65" type="stmt"/>
        <line num="41" count="65" type="stmt"/>
      </file>
      <file name="index.ts" path="/Users/elis/Developer/misc/tech-tests/Frontend-Animal-Test/src/animals/index.ts">
        <metrics statements="11" coveredstatements="11" conditionals="4" coveredconditionals="3" methods="4" coveredmethods="4"/>
        <line num="1" count="2" type="stmt"/>
        <line num="8" count="2" type="cond" truecount="2" falsecount="0"/>
        <line num="9" count="2" type="stmt"/>
        <line num="10" count="2" type="stmt"/>
        <line num="11" count="2" type="stmt"/>
        <line num="12" count="2" type="stmt"/>
        <line num="28" count="2" type="stmt"/>
        <line num="33" count="19" type="cond" truecount="1" falsecount="1"/>
        <line num="34" count="19" type="stmt"/>
        <line num="38" count="207" type="stmt"/>
        <line num="42" count="128" type="stmt"/>
      </file>
      <file name="parrot.ts" path="/Users/elis/Developer/misc/tech-tests/Frontend-Animal-Test/src/animals/parrot.ts">
        <metrics statements="16" coveredstatements="16" conditionals="0" coveredconditionals="0" methods="2" coveredmethods="2"/>
        <line num="1" count="1" type="stmt"/>
        <line num="2" count="1" type="stmt"/>
        <line num="4" count="1" type="stmt"/>
        <line num="9" count="1" type="stmt"/>
        <line num="15" count="1" type="stmt"/>
        <line num="16" count="3" type="stmt"/>
        <line num="17" count="3" type="stmt"/>
        <line num="18" count="3" type="stmt"/>
        <line num="21" count="3" type="stmt"/>
        <line num="25" count="1" type="stmt"/>
        <line num="27" count="1" type="stmt"/>
        <line num="30" count="1" type="stmt"/>
        <line num="33" count="1" type="stmt"/>
        <line num="37" count="1" type="stmt"/>
        <line num="38" count="1" type="stmt"/>
        <line num="39" count="1" type="stmt"/>
      </file>
      <file name="poodle.ts" path="/Users/elis/Developer/misc/tech-tests/Frontend-Animal-Test/src/animals/poodle.ts">
        <metrics statements="16" coveredstatements="16" conditionals="0" coveredconditionals="0" methods="2" coveredmethods="2"/>
        <line num="1" count="1" type="stmt"/>
        <line num="2" count="1" type="stmt"/>
        <line num="4" count="1" type="stmt"/>
        <line num="10" count="1" type="stmt"/>
        <line num="16" count="1" type="stmt"/>
        <line num="17" count="4" type="stmt"/>
        <line num="18" count="4" type="stmt"/>
        <line num="19" count="4" type="stmt"/>
        <line num="22" count="4" type="stmt"/>
        <line num="26" count="2" type="stmt"/>
        <line num="28" count="2" type="stmt"/>
        <line num="31" count="2" type="stmt"/>
        <line num="34" count="2" type="stmt"/>
        <line num="38" count="2" type="stmt"/>
        <line num="39" count="2" type="stmt"/>
        <line num="40" count="2" type="stmt"/>
      </file>
    </package>
    <package name="game">
      <metrics statements="33" coveredstatements="29" conditionals="2" coveredconditionals="2" methods="17" coveredmethods="13"/>
      <file name="index.ts" path="/Users/elis/Developer/misc/tech-tests/Frontend-Animal-Test/src/game/index.ts">
        <metrics statements="33" coveredstatements="29" conditionals="2" coveredconditionals="2" methods="17" coveredmethods="13"/>
        <line num="7" count="1" type="stmt"/>
        <line num="13" count="7" type="stmt"/>
        <line num="16" count="7" type="stmt"/>
        <line num="17" count="7" type="stmt"/>
        <line num="18" count="7" type="stmt"/>
        <line num="22" count="6" type="stmt"/>
        <line num="26" count="1" type="stmt"/>
        <line num="30" count="4" type="stmt"/>
        <line num="34" count="2" type="stmt"/>
        <line num="35" count="2" type="stmt"/>
        <line num="39" count="0" type="stmt"/>
        <line num="40" count="0" type="stmt"/>
        <line num="41" count="0" type="stmt"/>
        <line num="42" count="0" type="stmt"/>
        <line num="48" count="63" type="stmt"/>
        <line num="54" count="64" type="stmt"/>
        <line num="55" count="64" type="stmt"/>
        <line num="56" count="64" type="stmt"/>
        <line num="58" count="64" type="stmt"/>
        <line num="59" count="64" type="stmt"/>
        <line num="63" count="64" type="stmt"/>
        <line num="64" count="64" type="stmt"/>
        <line num="65" count="64" type="stmt"/>
        <line num="66" count="64" type="stmt"/>
        <line num="67" count="64" type="stmt"/>
        <line num="69" count="64" type="stmt"/>
        <line num="70" count="192" type="stmt"/>
        <line num="74" count="64" type="stmt"/>
        <line num="75" count="192" type="stmt"/>
        <line num="79" count="64" type="cond" truecount="1" falsecount="0"/>
        <line num="80" count="63" type="stmt"/>
        <line num="84" count="64" type="cond" truecount="1" falsecount="0"/>
        <line num="85" count="63" type="stmt"/>
      </file>
    </package>
  </project>
</coverage>
