{"/Users/elis/Developer/misc/tech-tests/Frontend-Animal-Test/src/animals/cat.ts": {"path":"/Users/elis/Developer/misc/tech-tests/Frontend-Animal-Test/src/animals/cat.ts","statementMap":{"0":{"start":{"line":1,"column":0},"end":{"line":1,"column":36}},"1":{"start":{"line":2,"column":0},"end":{"line":2,"column":67}},"2":{"start":{"line":3,"column":0},"end":{"line":3,"column":37}},"3":{"start":{"line":5,"column":13},"end":{"line":9,"column":2}},"4":{"start":{"line":11,"column":13},"end":{"line":15,"column":2}},"5":{"start":{"line":23,"column":4},"end":{"line":23,"column":16}},"6":{"start":{"line":17,"column":2},"end":{"line":17,"column":20}},"7":{"start":{"line":18,"column":2},"end":{"line":18,"column":36}},"8":{"start":{"line":19,"column":2},"end":{"line":19,"column":38}},"9":{"start":{"line":20,"column":2},"end":{"line":20,"column":72}},"10":{"start":{"line":24,"column":4},"end":{"line":24,"column":39}},"11":{"start":{"line":28,"column":27},"end":{"line":28,"column":39}},"12":{"start":{"line":30,"column":26},"end":{"line":31,"column":null}},"13":{"start":{"line":33,"column":29},"end":{"line":34,"column":null}},"14":{"start":{"line":36,"column":25},"end":{"line":37,"column":null}},"15":{"start":{"line":40,"column":4},"end":{"line":40,"column":38}},"16":{"start":{"line":41,"column":4},"end":{"line":41,"column":44}},"17":{"start":{"line":42,"column":4},"end":{"line":42,"column":36}},"18":{"start":{"line":16,"column":0},"end":{"line":16,"column":13}}},"fnMap":{"0":{"name":"(anonymous_0)","decl":{"start":{"line":22,"column":2},"end":{"line":22,"column":14}},"loc":{"start":{"line":22,"column":26},"end":{"line":25,"column":3}}},"1":{"name":"(anonymous_1)","decl":{"start":{"line":27,"column":2},"end":{"line":27,"column":8}},"loc":{"start":{"line":27,"column":22},"end":{"line":43,"column":3}}}},"branchMap":{},"s":{"0":2,"1":2,"2":2,"3":2,"4":2,"5":4,"6":4,"7":4,"8":4,"9":4,"10":4,"11":1,"12":1,"13":1,"14":1,"15":1,"16":1,"17":1,"18":2},"f":{"0":4,"1":1},"b":{}}
,"/Users/elis/Developer/misc/tech-tests/Frontend-Animal-Test/src/animals/dinosaur.ts": {"path":"/Users/elis/Developer/misc/tech-tests/Frontend-Animal-Test/src/animals/dinosaur.ts","statementMap":{"0":{"start":{"line":1,"column":0},"end":{"line":1,"column":36}},"1":{"start":{"line":2,"column":0},"end":{"line":2,"column":67}},"2":{"start":{"line":3,"column":0},"end":{"line":3,"column":37}},"3":{"start":{"line":5,"column":13},"end":{"line":9,"column":2}},"4":{"start":{"line":11,"column":13},"end":{"line":15,"column":2}},"5":{"start":{"line":24,"column":4},"end":{"line":24,"column":16}},"6":{"start":{"line":18,"column":2},"end":{"line":18,"column":20}},"7":{"start":{"line":19,"column":2},"end":{"line":19,"column":41}},"8":{"start":{"line":20,"column":2},"end":{"line":20,"column":43}},"9":{"start":{"line":21,"column":2},"end":{"line":21,"column":77}},"10":{"start":{"line":25,"column":4},"end":{"line":25,"column":44}},"11":{"start":{"line":29,"column":27},"end":{"line":29,"column":39}},"12":{"start":{"line":31,"column":26},"end":{"line":32,"column":null}},"13":{"start":{"line":34,"column":29},"end":{"line":35,"column":null}},"14":{"start":{"line":37,"column":25},"end":{"line":38,"column":null}},"15":{"start":{"line":41,"column":4},"end":{"line":41,"column":38}},"16":{"start":{"line":42,"column":4},"end":{"line":42,"column":44}},"17":{"start":{"line":43,"column":4},"end":{"line":43,"column":36}},"18":{"start":{"line":17,"column":0},"end":{"line":17,"column":13}}},"fnMap":{"0":{"name":"(anonymous_0)","decl":{"start":{"line":23,"column":2},"end":{"line":23,"column":14}},"loc":{"start":{"line":23,"column":26},"end":{"line":26,"column":3}}},"1":{"name":"(anonymous_1)","decl":{"start":{"line":28,"column":2},"end":{"line":28,"column":8}},"loc":{"start":{"line":28,"column":22},"end":{"line":44,"column":3}}}},"branchMap":{},"s":{"0":2,"1":2,"2":2,"3":2,"4":2,"5":8,"6":8,"7":8,"8":8,"9":8,"10":8,"11":65,"12":65,"13":65,"14":65,"15":65,"16":65,"17":65,"18":2},"f":{"0":8,"1":65},"b":{}}
,"/Users/elis/Developer/misc/tech-tests/Frontend-Animal-Test/src/animals/index.ts": {"path":"/Users/elis/Developer/misc/tech-tests/Frontend-Animal-Test/src/animals/index.ts","statementMap":{"0":{"start":{"line":7,"column":0},"end":{"line":7,"column":null}},"1":{"start":{"line":8,"column":2},"end":{"line":8,"column":null}},"2":{"start":{"line":9,"column":2},"end":{"line":9,"column":null}},"3":{"start":{"line":10,"column":2},"end":{"line":10,"column":null}},"4":{"start":{"line":11,"column":2},"end":{"line":11,"column":null}},"5":{"start":{"line":33,"column":21},"end":{"line":33,"column":36}},"6":{"start":{"line":34,"column":4},"end":{"line":34,"column":21}},"7":{"start":{"line":38,"column":4},"end":{"line":38,"column":45}},"8":{"start":{"line":42,"column":4},"end":{"line":42,"column":22}},"9":{"start":{"line":27,"column":0},"end":{"line":27,"column":22}}},"fnMap":{"0":{"name":"(anonymous_0)","decl":{"start":{"line":7,"column":0},"end":{"line":7,"column":12}},"loc":{"start":{"line":7,"column":22},"end":{"line":12,"column":1}}},"1":{"name":"(anonymous_1)","decl":{"start":{"line":33,"column":2},"end":{"line":33,"column":21}},"loc":{"start":{"line":33,"column":38},"end":{"line":35,"column":3}}},"2":{"name":"(anonymous_2)","decl":{"start":{"line":37,"column":9},"end":{"line":37,"column":20}},"loc":{"start":{"line":37,"column":34},"end":{"line":39,"column":3}}},"3":{"name":"(anonymous_3)","decl":{"start":{"line":41,"column":9},"end":{"line":41,"column":17}},"loc":{"start":{"line":41,"column":17},"end":{"line":43,"column":3}}}},"branchMap":{"0":{"loc":{"start":{"line":7,"column":12},"end":{"line":7,"column":null}},"type":"binary-expr","locations":[{"start":{"line":7,"column":12},"end":{"line":7,"column":22}},{"start":{"line":7,"column":22},"end":{"line":7,"column":null}}]},"1":{"loc":{"start":{"line":33,"column":21},"end":{"line":33,"column":38}},"type":"default-arg","locations":[{"start":{"line":33,"column":36},"end":{"line":33,"column":38}}]}},"s":{"0":2,"1":2,"2":2,"3":2,"4":2,"5":19,"6":19,"7":207,"8":128,"9":2},"f":{"0":2,"1":19,"2":207,"3":128},"b":{"0":[2,2],"1":[0]}}
,"/Users/elis/Developer/misc/tech-tests/Frontend-Animal-Test/src/animals/parrot.ts": {"path":"/Users/elis/Developer/misc/tech-tests/Frontend-Animal-Test/src/animals/parrot.ts","statementMap":{"0":{"start":{"line":1,"column":0},"end":{"line":1,"column":36}},"1":{"start":{"line":2,"column":0},"end":{"line":2,"column":54}},"2":{"start":{"line":3,"column":0},"end":{"line":3,"column":37}},"3":{"start":{"line":5,"column":13},"end":{"line":9,"column":2}},"4":{"start":{"line":10,"column":13},"end":{"line":14,"column":2}},"5":{"start":{"line":23,"column":4},"end":{"line":23,"column":16}},"6":{"start":{"line":17,"column":2},"end":{"line":17,"column":20}},"7":{"start":{"line":18,"column":2},"end":{"line":18,"column":39}},"8":{"start":{"line":19,"column":2},"end":{"line":19,"column":35}},"9":{"start":{"line":20,"column":2},"end":{"line":20,"column":75}},"10":{"start":{"line":27,"column":27},"end":{"line":27,"column":39}},"11":{"start":{"line":29,"column":26},"end":{"line":30,"column":null}},"12":{"start":{"line":32,"column":29},"end":{"line":33,"column":null}},"13":{"start":{"line":35,"column":25},"end":{"line":36,"column":null}},"14":{"start":{"line":39,"column":4},"end":{"line":39,"column":38}},"15":{"start":{"line":40,"column":4},"end":{"line":40,"column":44}},"16":{"start":{"line":41,"column":4},"end":{"line":41,"column":36}},"17":{"start":{"line":16,"column":0},"end":{"line":16,"column":13}}},"fnMap":{"0":{"name":"(anonymous_0)","decl":{"start":{"line":22,"column":2},"end":{"line":22,"column":14}},"loc":{"start":{"line":22,"column":26},"end":{"line":24,"column":3}}},"1":{"name":"(anonymous_1)","decl":{"start":{"line":26,"column":2},"end":{"line":26,"column":8}},"loc":{"start":{"line":26,"column":22},"end":{"line":42,"column":3}}}},"branchMap":{},"s":{"0":1,"1":1,"2":1,"3":1,"4":1,"5":3,"6":3,"7":3,"8":3,"9":3,"10":1,"11":1,"12":1,"13":1,"14":1,"15":1,"16":1,"17":1},"f":{"0":3,"1":1},"b":{}}
,"/Users/elis/Developer/misc/tech-tests/Frontend-Animal-Test/src/animals/poodle.ts": {"path":"/Users/elis/Developer/misc/tech-tests/Frontend-Animal-Test/src/animals/poodle.ts","statementMap":{"0":{"start":{"line":1,"column":0},"end":{"line":1,"column":54}},"1":{"start":{"line":2,"column":0},"end":{"line":2,"column":37}},"2":{"start":{"line":3,"column":0},"end":{"line":3,"column":36}},"3":{"start":{"line":5,"column":13},"end":{"line":9,"column":2}},"4":{"start":{"line":11,"column":13},"end":{"line":15,"column":2}},"5":{"start":{"line":24,"column":4},"end":{"line":24,"column":16}},"6":{"start":{"line":18,"column":2},"end":{"line":18,"column":20}},"7":{"start":{"line":19,"column":2},"end":{"line":19,"column":39}},"8":{"start":{"line":20,"column":2},"end":{"line":20,"column":35}},"9":{"start":{"line":21,"column":2},"end":{"line":21,"column":75}},"10":{"start":{"line":28,"column":27},"end":{"line":28,"column":39}},"11":{"start":{"line":30,"column":26},"end":{"line":31,"column":null}},"12":{"start":{"line":33,"column":29},"end":{"line":34,"column":null}},"13":{"start":{"line":36,"column":25},"end":{"line":37,"column":null}},"14":{"start":{"line":40,"column":4},"end":{"line":40,"column":38}},"15":{"start":{"line":41,"column":4},"end":{"line":41,"column":44}},"16":{"start":{"line":42,"column":4},"end":{"line":42,"column":36}},"17":{"start":{"line":17,"column":0},"end":{"line":17,"column":13}}},"fnMap":{"0":{"name":"(anonymous_0)","decl":{"start":{"line":23,"column":2},"end":{"line":23,"column":14}},"loc":{"start":{"line":23,"column":26},"end":{"line":25,"column":3}}},"1":{"name":"(anonymous_1)","decl":{"start":{"line":27,"column":2},"end":{"line":27,"column":8}},"loc":{"start":{"line":27,"column":22},"end":{"line":43,"column":3}}}},"branchMap":{},"s":{"0":1,"1":1,"2":1,"3":1,"4":1,"5":4,"6":4,"7":4,"8":4,"9":4,"10":2,"11":2,"12":2,"13":2,"14":2,"15":2,"16":2,"17":1},"f":{"0":4,"1":2},"b":{}}
,"/Users/elis/Developer/misc/tech-tests/Frontend-Animal-Test/src/game/index.ts": {"path":"/Users/elis/Developer/misc/tech-tests/Frontend-Animal-Test/src/game/index.ts","statementMap":{"0":{"start":{"line":13,"column":10},"end":{"line":13,"column":65}},"1":{"start":{"line":16,"column":4},"end":{"line":16,"column":19}},"2":{"start":{"line":17,"column":4},"end":{"line":17,"column":22}},"3":{"start":{"line":18,"column":4},"end":{"line":18,"column":22}},"4":{"start":{"line":22,"column":4},"end":{"line":22,"column":30}},"5":{"start":{"line":26,"column":4},"end":{"line":26,"column":59}},"6":{"start":{"line":26,"column":46},"end":{"line":26,"column":57}},"7":{"start":{"line":30,"column":4},"end":{"line":30,"column":24}},"8":{"start":{"line":34,"column":4},"end":{"line":34,"column":38}},"9":{"start":{"line":35,"column":4},"end":{"line":35,"column":16}},"10":{"start":{"line":39,"column":4},"end":{"line":39,"column":41}},"11":{"start":{"line":40,"column":4},"end":{"line":44,"column":6}},"12":{"start":{"line":41,"column":6},"end":{"line":43,"column":8}},"13":{"start":{"line":42,"column":17},"end":{"line":42,"column":33}},"14":{"start":{"line":48,"column":4},"end":{"line":48,"column":77}},"15":{"start":{"line":48,"column":48},"end":{"line":48,"column":75}},"16":{"start":{"line":54,"column":24},"end":{"line":54,"column":41}},"17":{"start":{"line":55,"column":4},"end":{"line":55,"column":45}},"18":{"start":{"line":56,"column":4},"end":{"line":56,"column":32}},"19":{"start":{"line":58,"column":4},"end":{"line":58,"column":28}},"20":{"start":{"line":59,"column":4},"end":{"line":59,"column":52}},"21":{"start":{"line":59,"column":39},"end":{"line":59,"column":50}},"22":{"start":{"line":63,"column":21},"end":{"line":63,"column":26}},"23":{"start":{"line":64,"column":4},"end":{"line":82,"column":7}},"24":{"start":{"line":65,"column":29},"end":{"line":65,"column":46}},"25":{"start":{"line":66,"column":6},"end":{"line":66,"column":27}},"26":{"start":{"line":67,"column":30},"end":{"line":67,"column":47}},"27":{"start":{"line":69,"column":28},"end":{"line":71,"column":null}},"28":{"start":{"line":70,"column":23},"end":{"line":70,"column":33}},"29":{"start":{"line":74,"column":29},"end":{"line":76,"column":null}},"30":{"start":{"line":75,"column":23},"end":{"line":75,"column":33}},"31":{"start":{"line":79,"column":6},"end":{"line":81,"column":7}},"32":{"start":{"line":80,"column":8},"end":{"line":80,"column":26}},"33":{"start":{"line":84,"column":4},"end":{"line":86,"column":5}},"34":{"start":{"line":85,"column":6},"end":{"line":85,"column":30}},"35":{"start":{"line":7,"column":0},"end":{"line":7,"column":13}}},"fnMap":{"0":{"name":"(anonymous_0)","decl":{"start":{"line":15,"column":2},"end":{"line":15,"column":null}},"loc":{"start":{"line":15,"column":2},"end":{"line":19,"column":3}}},"1":{"name":"(anonymous_1)","decl":{"start":{"line":21,"column":9},"end":{"line":21,"column":18}},"loc":{"start":{"line":21,"column":33},"end":{"line":23,"column":3}}},"2":{"name":"(anonymous_2)","decl":{"start":{"line":25,"column":9},"end":{"line":25,"column":21}},"loc":{"start":{"line":25,"column":32},"end":{"line":27,"column":3}}},"3":{"name":"(anonymous_3)","decl":{"start":{"line":26,"column":39},"end":{"line":26,"column":40}},"loc":{"start":{"line":26,"column":46},"end":{"line":26,"column":57}}},"4":{"name":"(anonymous_4)","decl":{"start":{"line":29,"column":9},"end":{"line":29,"column":19}},"loc":{"start":{"line":29,"column":19},"end":{"line":31,"column":3}}},"5":{"name":"(anonymous_5)","decl":{"start":{"line":33,"column":9},"end":{"line":33,"column":14}},"loc":{"start":{"line":33,"column":14},"end":{"line":36,"column":3}}},"6":{"name":"(anonymous_6)","decl":{"start":{"line":38,"column":9},"end":{"line":38,"column":24}},"loc":{"start":{"line":38,"column":62},"end":{"line":45,"column":3}}},"7":{"name":"(anonymous_7)","decl":{"start":{"line":40,"column":11},"end":{"line":40,"column":14}},"loc":{"start":{"line":40,"column":16},"end":{"line":44,"column":5}}},"8":{"name":"(anonymous_8)","decl":{"start":{"line":42,"column":8},"end":{"line":42,"column":9}},"loc":{"start":{"line":42,"column":17},"end":{"line":42,"column":33}}},"9":{"name":"(anonymous_9)","decl":{"start":{"line":47,"column":10},"end":{"line":47,"column":26}},"loc":{"start":{"line":47,"column":26},"end":{"line":49,"column":3}}},"10":{"name":"(anonymous_10)","decl":{"start":{"line":48,"column":34},"end":{"line":48,"column":35}},"loc":{"start":{"line":48,"column":48},"end":{"line":48,"column":75}}},"11":{"name":"(anonymous_11)","decl":{"start":{"line":53,"column":10},"end":{"line":53,"column":14}},"loc":{"start":{"line":53,"column":14},"end":{"line":60,"column":3}}},"12":{"name":"(anonymous_12)","decl":{"start":{"line":59,"column":33},"end":{"line":59,"column":36}},"loc":{"start":{"line":59,"column":39},"end":{"line":59,"column":50}}},"13":{"name":"(anonymous_13)","decl":{"start":{"line":62,"column":10},"end":{"line":62,"column":16}},"loc":{"start":{"line":62,"column":30},"end":{"line":87,"column":3}}},"14":{"name":"(anonymous_14)","decl":{"start":{"line":64,"column":25},"end":{"line":64,"column":26}},"loc":{"start":{"line":64,"column":36},"end":{"line":82,"column":5}}},"15":{"name":"(anonymous_15)","decl":{"start":{"line":70,"column":8},"end":{"line":70,"column":9}},"loc":{"start":{"line":70,"column":23},"end":{"line":70,"column":33}}},"16":{"name":"(anonymous_16)","decl":{"start":{"line":75,"column":8},"end":{"line":75,"column":9}},"loc":{"start":{"line":75,"column":23},"end":{"line":75,"column":33}}}},"branchMap":{"0":{"loc":{"start":{"line":79,"column":6},"end":{"line":81,"column":7}},"type":"if","locations":[{"start":{"line":79,"column":6},"end":{"line":81,"column":7}}]},"1":{"loc":{"start":{"line":84,"column":4},"end":{"line":86,"column":5}},"type":"if","locations":[{"start":{"line":84,"column":4},"end":{"line":86,"column":5}}]}},"s":{"0":7,"1":7,"2":7,"3":7,"4":6,"5":1,"6":1,"7":4,"8":2,"9":2,"10":0,"11":0,"12":0,"13":0,"14":0,"15":0,"16":64,"17":64,"18":64,"19":64,"20":64,"21":62,"22":64,"23":64,"24":64,"25":64,"26":64,"27":64,"28":192,"29":64,"30":192,"31":64,"32":0,"33":64,"34":0,"35":1},"f":{"0":7,"1":6,"2":1,"3":1,"4":4,"5":2,"6":0,"7":0,"8":0,"9":0,"10":0,"11":64,"12":62,"13":64,"14":64,"15":192,"16":192},"b":{"0":[0],"1":[0]}}
}
