{"/Users/elis/Developer/misc/tech-tests/Frontend-Animal-Test/src/test-utils.tsx": {"path":"/Users/elis/Developer/misc/tech-tests/Frontend-Animal-Test/src/test-utils.tsx","statementMap":{"0":{"start":{"line":6,"column":21},"end":{"line":21,"column":1}},"1":{"start":{"line":10,"column":45},"end":{"line":10,"column":58}},"2":{"start":{"line":12,"column":23},"end":{"line":18,"column":3}},"3":{"start":{"line":13,"column":4},"end":{"line":17,"column":6}},"4":{"start":{"line":20,"column":2},"end":{"line":20,"column":65}}},"fnMap":{"0":{"name":"(anonymous_0)","decl":{"start":{"line":6,"column":21},"end":{"line":6,"column":null}},"loc":{"start":{"line":9,"column":4},"end":{"line":21,"column":1}}},"1":{"name":"(anonymous_1)","decl":{"start":{"line":12,"column":23},"end":{"line":12,"column":24}},"loc":{"start":{"line":12,"column":71},"end":{"line":18,"column":3}}}},"branchMap":{"0":{"loc":{"start":{"line":10,"column":45},"end":{"line":10,"column":58}},"type":"binary-expr","locations":[{"start":{"line":10,"column":45},"end":{"line":10,"column":52}},{"start":{"line":10,"column":56},"end":{"line":10,"column":58}}]}},"s":{"0":3,"1":14,"2":14,"3":14,"4":14},"f":{"0":14,"1":14},"b":{"0":[14,10]}}
,"/Users/elis/Developer/misc/tech-tests/Frontend-Animal-Test/src/animals/index.ts": {"path":"/Users/elis/Developer/misc/tech-tests/Frontend-Animal-Test/src/animals/index.ts","statementMap":{"0":{"start":{"line":3,"column":0},"end":{"line":3,"column":null}},"1":{"start":{"line":4,"column":2},"end":{"line":4,"column":null}},"2":{"start":{"line":5,"column":2},"end":{"line":5,"column":null}},"3":{"start":{"line":6,"column":2},"end":{"line":6,"column":null}},"4":{"start":{"line":7,"column":2},"end":{"line":7,"column":null}},"5":{"start":{"line":39,"column":64},"end":{"line":60,"column":2}},"6":{"start":{"line":63,"column":27},"end":{"line":65,"column":1}},"7":{"start":{"line":64,"column":2},"end":{"line":64,"column":43}},"8":{"start":{"line":67,"column":33},"end":{"line":95,"column":1}},"9":{"start":{"line":72,"column":25},"end":{"line":72,"column":37}},"10":{"start":{"line":73,"column":25},"end":{"line":73,"column":60}},"11":{"start":{"line":74,"column":24},"end":{"line":74,"column":58}},"12":{"start":{"line":76,"column":24},"end":{"line":77,"column":null}},"13":{"start":{"line":79,"column":27},"end":{"line":84,"column":null}},"14":{"start":{"line":86,"column":23},"end":{"line":87,"column":null}},"15":{"start":{"line":90,"column":2},"end":{"line":94,"column":4}},"16":{"start":{"line":97,"column":28},"end":{"line":99,"column":1}},"17":{"start":{"line":98,"column":2},"end":{"line":98,"column":55}},"18":{"start":{"line":101,"column":28},"end":{"line":150,"column":1}},"19":{"start":{"line":102,"column":17},"end":{"line":102,"column":37}},"20":{"start":{"line":103,"column":13},"end":{"line":103,"column":21}},"21":{"start":{"line":104,"column":29},"end":{"line":104,"column":52}},"22":{"start":{"line":106,"column":15},"end":{"line":108,"column":3}},"23":{"start":{"line":107,"column":4},"end":{"line":107,"column":50}},"24":{"start":{"line":110,"column":15},"end":{"line":112,"column":3}},"25":{"start":{"line":111,"column":4},"end":{"line":111,"column":56}},"26":{"start":{"line":114,"column":16},"end":{"line":116,"column":3}},"27":{"start":{"line":115,"column":4},"end":{"line":115,"column":48}},"28":{"start":{"line":118,"column":19},"end":{"line":120,"column":3}},"29":{"start":{"line":119,"column":4},"end":{"line":119,"column":24}},"30":{"start":{"line":122,"column":17},"end":{"line":124,"column":3}},"31":{"start":{"line":123,"column":4},"end":{"line":123,"column":31}},"32":{"start":{"line":126,"column":17},"end":{"line":135,"column":3}},"33":{"start":{"line":127,"column":25},"end":{"line":130,"column":null}},"34":{"start":{"line":132,"column":4},"end":{"line":132,"column":39}},"35":{"start":{"line":133,"column":4},"end":{"line":133,"column":45}},"36":{"start":{"line":134,"column":4},"end":{"line":134,"column":37}},"37":{"start":{"line":137,"column":2},"end":{"line":149,"column":4}}},"fnMap":{"0":{"name":"(anonymous_0)","decl":{"start":{"line":3,"column":0},"end":{"line":3,"column":6}},"loc":{"start":{"line":3,"column":22},"end":{"line":8,"column":1}}},"1":{"name":"(anonymous_1)","decl":{"start":{"line":63,"column":27},"end":{"line":63,"column":28}},"loc":{"start":{"line":63,"column":45},"end":{"line":65,"column":1}}},"2":{"name":"(anonymous_2)","decl":{"start":{"line":67,"column":33},"end":{"line":67,"column":null}},"loc":{"start":{"line":71,"column":17},"end":{"line":95,"column":1}}},"3":{"name":"(anonymous_3)","decl":{"start":{"line":97,"column":28},"end":{"line":97,"column":29}},"loc":{"start":{"line":97,"column":60},"end":{"line":99,"column":1}}},"4":{"name":"(anonymous_4)","decl":{"start":{"line":101,"column":28},"end":{"line":101,"column":29}},"loc":{"start":{"line":101,"column":71},"end":{"line":150,"column":1}}},"5":{"name":"(anonymous_5)","decl":{"start":{"line":106,"column":15},"end":{"line":106,"column":18}},"loc":{"start":{"line":106,"column":20},"end":{"line":108,"column":3}}},"6":{"name":"(anonymous_6)","decl":{"start":{"line":110,"column":15},"end":{"line":110,"column":18}},"loc":{"start":{"line":110,"column":20},"end":{"line":112,"column":3}}},"7":{"name":"(anonymous_7)","decl":{"start":{"line":114,"column":16},"end":{"line":114,"column":19}},"loc":{"start":{"line":114,"column":21},"end":{"line":116,"column":3}}},"8":{"name":"(anonymous_8)","decl":{"start":{"line":118,"column":19},"end":{"line":118,"column":22}},"loc":{"start":{"line":118,"column":24},"end":{"line":120,"column":3}}},"9":{"name":"(anonymous_9)","decl":{"start":{"line":122,"column":17},"end":{"line":122,"column":20}},"loc":{"start":{"line":122,"column":22},"end":{"line":124,"column":3}}},"10":{"name":"(anonymous_10)","decl":{"start":{"line":126,"column":17},"end":{"line":126,"column":18}},"loc":{"start":{"line":126,"column":35},"end":{"line":135,"column":3}}}},"branchMap":{"0":{"loc":{"start":{"line":3,"column":12},"end":{"line":3,"column":null}},"type":"binary-expr","locations":[{"start":{"line":3,"column":12},"end":{"line":3,"column":22}},{"start":{"line":3,"column":12},"end":{"line":3,"column":null}}]},"1":{"loc":{"start":{"line":73,"column":25},"end":{"line":73,"column":60}},"type":"cond-expr","locations":[{"start":{"line":73,"column":55},"end":{"line":73,"column":56}},{"start":{"line":73,"column":59},"end":{"line":73,"column":60}}]},"2":{"loc":{"start":{"line":74,"column":24},"end":{"line":74,"column":58}},"type":"cond-expr","locations":[{"start":{"line":74,"column":53},"end":{"line":74,"column":54}},{"start":{"line":74,"column":57},"end":{"line":74,"column":58}}]},"3":{"loc":{"start":{"line":98,"column":9},"end":{"line":98,"column":54}},"type":"binary-expr","locations":[{"start":{"line":98,"column":9},"end":{"line":98,"column":29}},{"start":{"line":98,"column":33},"end":{"line":98,"column":54}}]}},"s":{"0":7,"1":7,"2":7,"3":7,"4":7,"5":7,"6":7,"7":48,"8":7,"9":10,"10":10,"11":10,"12":10,"13":10,"14":10,"15":10,"16":7,"17":38,"18":7,"19":60,"20":60,"21":60,"22":60,"23":6,"24":60,"25":6,"26":60,"27":6,"28":60,"29":2,"30":60,"31":38,"32":60,"33":10,"34":10,"35":10,"36":10,"37":60},"f":{"0":7,"1":48,"2":10,"3":38,"4":60,"5":6,"6":6,"7":6,"8":2,"9":38,"10":10},"b":{"0":[7,7],"1":[2,8],"2":[2,8],"3":[38,12]}}
,"/Users/elis/Developer/misc/tech-tests/Frontend-Animal-Test/src/components/card/index.tsx": {"path":"/Users/elis/Developer/misc/tech-tests/Frontend-Animal-Test/src/components/card/index.tsx","statementMap":{"0":{"start":{"line":8,"column":20},"end":{"line":17,"column":1}},"1":{"start":{"line":9,"column":2},"end":{"line":16,"column":4}}},"fnMap":{"0":{"name":"(anonymous_0)","decl":{"start":{"line":8,"column":20},"end":{"line":8,"column":21}},"loc":{"start":{"line":8,"column":55},"end":{"line":17,"column":1}}}},"branchMap":{"0":{"loc":{"start":{"line":12,"column":9},"end":{"line":12,"column":67}},"type":"binary-expr","locations":[{"start":{"line":12,"column":9},"end":{"line":12,"column":14}},{"start":{"line":12,"column":18},"end":{"line":12,"column":67}}]}},"s":{"0":2,"1":10},"f":{"0":10},"b":{"0":[10,10]}}
,"/Users/elis/Developer/misc/tech-tests/Frontend-Animal-Test/src/components/progress-bar/index.tsx": {"path":"/Users/elis/Developer/misc/tech-tests/Frontend-Animal-Test/src/components/progress-bar/index.tsx","statementMap":{"0":{"start":{"line":10,"column":27},"end":{"line":37,"column":1}},"1":{"start":{"line":16,"column":19},"end":{"line":18,"column":30}},"2":{"start":{"line":20,"column":20},"end":{"line":22,"column":31}},"3":{"start":{"line":23,"column":2},"end":{"line":36,"column":4}}},"fnMap":{"0":{"name":"(anonymous_0)","decl":{"start":{"line":10,"column":27},"end":{"line":10,"column":28}},"loc":{"start":{"line":15,"column":23},"end":{"line":37,"column":1}}}},"branchMap":{"0":{"loc":{"start":{"line":16,"column":19},"end":{"line":18,"column":30}},"type":"cond-expr","locations":[{"start":{"line":17,"column":6},"end":{"line":17,"column":30}},{"start":{"line":18,"column":6},"end":{"line":18,"column":30}}]},"1":{"loc":{"start":{"line":20,"column":20},"end":{"line":22,"column":31}},"type":"cond-expr","locations":[{"start":{"line":21,"column":6},"end":{"line":21,"column":31}},{"start":{"line":22,"column":6},"end":{"line":22,"column":31}}]},"2":{"loc":{"start":{"line":27,"column":10},"end":{"line":31,"column":null}},"type":"cond-expr","locations":[{"start":{"line":28,"column":14},"end":{"line":28,"column":49}},{"start":{"line":29,"column":14},"end":{"line":31,"column":null}}]},"3":{"loc":{"start":{"line":29,"column":14},"end":{"line":31,"column":null}},"type":"cond-expr","locations":[{"start":{"line":30,"column":14},"end":{"line":30,"column":50}},{"start":{"line":31,"column":14},"end":{"line":31,"column":null}}]}},"s":{"0":1,"1":21,"2":21,"3":21},"f":{"0":21},"b":{"0":[7,14],"1":[7,14],"2":[4,17],"3":[0,17]}}
,"/Users/elis/Developer/misc/tech-tests/Frontend-Animal-Test/src/contexts/use-game-context.ts": {"path":"/Users/elis/Developer/misc/tech-tests/Frontend-Animal-Test/src/contexts/use-game-context.ts","statementMap":{"0":{"start":{"line":4,"column":27},"end":{"line":12,"column":15}},"1":{"start":{"line":15,"column":18},"end":{"line":15,"column":41}},"2":{"start":{"line":16,"column":2},"end":{"line":18,"column":3}},"3":{"start":{"line":17,"column":4},"end":{"line":17,"column":71}},"4":{"start":{"line":19,"column":2},"end":{"line":19,"column":17}}},"fnMap":{"0":{"name":"useGameContext","decl":{"start":{"line":14,"column":16},"end":{"line":14,"column":30}},"loc":{"start":{"line":14,"column":30},"end":{"line":20,"column":1}}}},"branchMap":{"0":{"loc":{"start":{"line":16,"column":2},"end":{"line":18,"column":3}},"type":"if","locations":[{"start":{"line":16,"column":2},"end":{"line":18,"column":3}}]}},"s":{"0":5,"1":13,"2":13,"3":2,"4":11},"f":{"0":13},"b":{"0":[2]}}
,"/Users/elis/Developer/misc/tech-tests/Frontend-Animal-Test/src/features/animal-card/index.tsx": {"path":"/Users/elis/Developer/misc/tech-tests/Frontend-Animal-Test/src/features/animal-card/index.tsx","statementMap":{"0":{"start":{"line":10,"column":26},"end":{"line":60,"column":1}},"1":{"start":{"line":11,"column":39},"end":{"line":11,"column":51}},"2":{"start":{"line":13,"column":2},"end":{"line":59,"column":4}},"3":{"start":{"line":47,"column":33},"end":{"line":47,"column":46}},"4":{"start":{"line":50,"column":33},"end":{"line":50,"column":46}},"5":{"start":{"line":53,"column":33},"end":{"line":53,"column":47}}},"fnMap":{"0":{"name":"(anonymous_0)","decl":{"start":{"line":10,"column":26},"end":{"line":10,"column":27}},"loc":{"start":{"line":10,"column":58},"end":{"line":60,"column":1}}},"1":{"name":"(anonymous_1)","decl":{"start":{"line":47,"column":27},"end":{"line":47,"column":30}},"loc":{"start":{"line":47,"column":33},"end":{"line":47,"column":46}}},"2":{"name":"(anonymous_2)","decl":{"start":{"line":50,"column":27},"end":{"line":50,"column":30}},"loc":{"start":{"line":50,"column":33},"end":{"line":50,"column":46}}},"3":{"name":"(anonymous_3)","decl":{"start":{"line":53,"column":27},"end":{"line":53,"column":30}},"loc":{"start":{"line":53,"column":33},"end":{"line":53,"column":47}}}},"branchMap":{"0":{"loc":{"start":{"line":15,"column":48},"end":{"line":15,"column":75}},"type":"cond-expr","locations":[{"start":{"line":15,"column":66},"end":{"line":15,"column":70}},{"start":{"line":15,"column":73},"end":{"line":15,"column":75}}]},"1":{"loc":{"start":{"line":22,"column":23},"end":{"line":22,"column":79}},"type":"cond-expr","locations":[{"start":{"line":22,"column":41},"end":{"line":22,"column":74}},{"start":{"line":22,"column":77},"end":{"line":22,"column":79}}]}},"s":{"0":1,"1":7,"2":7,"3":1,"4":1,"5":1},"f":{"0":7,"1":1,"2":1,"3":1},"b":{"0":[2,5],"1":[2,5]}}
,"/Users/elis/Developer/misc/tech-tests/Frontend-Animal-Test/src/features/get-started/index.tsx": {"path":"/Users/elis/Developer/misc/tech-tests/Frontend-Animal-Test/src/features/get-started/index.tsx","statementMap":{"0":{"start":{"line":9,"column":26},"end":{"line":24,"column":1}},"1":{"start":{"line":10,"column":39},"end":{"line":10,"column":59}},"2":{"start":{"line":12,"column":2},"end":{"line":23,"column":4}},"3":{"start":{"line":17,"column":10},"end":{"line":17,"column":52}},"4":{"start":{"line":17,"column":45},"end":{"line":17,"column":50}}},"fnMap":{"0":{"name":"(anonymous_0)","decl":{"start":{"line":9,"column":26},"end":{"line":9,"column":29}},"loc":{"start":{"line":9,"column":31},"end":{"line":24,"column":1}}},"1":{"name":"(anonymous_1)","decl":{"start":{"line":16,"column":17},"end":{"line":16,"column":20}},"loc":{"start":{"line":16,"column":22},"end":{"line":18,"column":9}}},"2":{"name":"(anonymous_2)","decl":{"start":{"line":17,"column":35},"end":{"line":17,"column":36}},"loc":{"start":{"line":17,"column":45},"end":{"line":17,"column":50}}}},"branchMap":{},"s":{"0":1,"1":3,"2":3,"3":1,"4":1},"f":{"0":3,"1":1,"2":1},"b":{}}
,"/Users/elis/Developer/misc/tech-tests/Frontend-Animal-Test/src/features/new-animal-dialog/index.tsx": {"path":"/Users/elis/Developer/misc/tech-tests/Frontend-Animal-Test/src/features/new-animal-dialog/index.tsx","statementMap":{"0":{"start":{"line":9,"column":43},"end":{"line":9,"column":62}},"1":{"start":{"line":11,"column":31},"end":{"line":105,"column":1}},"2":{"start":{"line":12,"column":33},"end":{"line":12,"column":49}},"3":{"start":{"line":14,"column":4},"end":{"line":14,"column":24}},"4":{"start":{"line":15,"column":20},"end":{"line":15,"column":51}},"5":{"start":{"line":17,"column":2},"end":{"line":23,"column":56}},"6":{"start":{"line":18,"column":4},"end":{"line":22,"column":5}},"7":{"start":{"line":19,"column":6},"end":{"line":19,"column":39}},"8":{"start":{"line":21,"column":6},"end":{"line":21,"column":35}},"9":{"start":{"line":25,"column":23},"end":{"line":37,"column":3}},"10":{"start":{"line":26,"column":4},"end":{"line":26,"column":27}},"11":{"start":{"line":27,"column":21},"end":{"line":27,"column":54}},"12":{"start":{"line":28,"column":23},"end":{"line":28,"column":50}},"13":{"start":{"line":29,"column":23},"end":{"line":29,"column":50}},"14":{"start":{"line":31,"column":4},"end":{"line":36,"column":5}},"15":{"start":{"line":32,"column":6},"end":{"line":32,"column":60}},"16":{"start":{"line":33,"column":6},"end":{"line":33,"column":37}},"17":{"start":{"line":34,"column":6},"end":{"line":34,"column":37}},"18":{"start":{"line":35,"column":6},"end":{"line":35,"column":38}},"19":{"start":{"line":39,"column":2},"end":{"line":41,"column":3}},"20":{"start":{"line":40,"column":4},"end":{"line":40,"column":16}},"21":{"start":{"line":43,"column":2},"end":{"line":104,"column":4}},"22":{"start":{"line":67,"column":14},"end":{"line":68,"column":null}},"23":{"start":{"line":97,"column":12},"end":{"line":97,"column":44}}},"fnMap":{"0":{"name":"(anonymous_0)","decl":{"start":{"line":11,"column":31},"end":{"line":11,"column":34}},"loc":{"start":{"line":11,"column":36},"end":{"line":105,"column":1}}},"1":{"name":"(anonymous_1)","decl":{"start":{"line":17,"column":12},"end":{"line":17,"column":15}},"loc":{"start":{"line":17,"column":17},"end":{"line":23,"column":3}}},"2":{"name":"(anonymous_2)","decl":{"start":{"line":25,"column":23},"end":{"line":25,"column":24}},"loc":{"start":{"line":25,"column":67},"end":{"line":37,"column":3}}},"3":{"name":"(anonymous_3)","decl":{"start":{"line":66,"column":43},"end":{"line":66,"column":44}},"loc":{"start":{"line":67,"column":14},"end":{"line":68,"column":null}}},"4":{"name":"(anonymous_4)","decl":{"start":{"line":96,"column":19},"end":{"line":96,"column":22}},"loc":{"start":{"line":96,"column":24},"end":{"line":98,"column":11}}}},"branchMap":{"0":{"loc":{"start":{"line":18,"column":4},"end":{"line":22,"column":5}},"type":"if","locations":[{"start":{"line":18,"column":4},"end":{"line":22,"column":5}},{"start":{"line":20,"column":11},"end":{"line":22,"column":5}}]},"1":{"loc":{"start":{"line":31,"column":4},"end":{"line":36,"column":5}},"type":"if","locations":[{"start":{"line":31,"column":4},"end":{"line":36,"column":5}}]},"2":{"loc":{"start":{"line":31,"column":8},"end":{"line":31,"column":46}},"type":"binary-expr","locations":[{"start":{"line":31,"column":8},"end":{"line":31,"column":18}},{"start":{"line":31,"column":22},"end":{"line":31,"column":46}}]},"3":{"loc":{"start":{"line":39,"column":2},"end":{"line":41,"column":3}},"type":"if","locations":[{"start":{"line":39,"column":2},"end":{"line":41,"column":3}}]}},"s":{"0":2,"1":2,"2":8,"3":8,"4":8,"5":8,"6":8,"7":5,"8":3,"9":8,"10":1,"11":1,"12":1,"13":1,"14":1,"15":1,"16":1,"17":1,"18":1,"19":8,"20":3,"21":5,"22":20,"23":0},"f":{"0":8,"1":8,"2":1,"3":20,"4":0},"b":{"0":[5,3],"1":[1],"2":[1,1],"3":[3]}}
,"/Users/elis/Developer/misc/tech-tests/Frontend-Animal-Test/src/helpers/animal-type-typeguard.ts": {"path":"/Users/elis/Developer/misc/tech-tests/Frontend-Animal-Test/src/helpers/animal-type-typeguard.ts","statementMap":{"0":{"start":{"line":8,"column":2},"end":{"line":11,"column":4}}},"fnMap":{"0":{"name":"isAnimalType","decl":{"start":{"line":7,"column":16},"end":{"line":7,"column":28}},"loc":{"start":{"line":7,"column":43},"end":{"line":12,"column":1}}}},"branchMap":{"0":{"loc":{"start":{"line":9,"column":4},"end":{"line":10,"column":59}},"type":"binary-expr","locations":[{"start":{"line":9,"column":4},"end":{"line":9,"column":29}},{"start":{"line":10,"column":4},"end":{"line":10,"column":59}}]}},"s":{"0":1},"f":{"0":1},"b":{"0":[1,1]}}
,"/Users/elis/Developer/misc/tech-tests/Frontend-Animal-Test/src/helpers/get-animal-image.ts": {"path":"/Users/elis/Developer/misc/tech-tests/Frontend-Animal-Test/src/helpers/get-animal-image.ts","statementMap":{"0":{"start":{"line":7,"column":30},"end":{"line":18,"column":1}},"1":{"start":{"line":8,"column":2},"end":{"line":17,"column":3}},"2":{"start":{"line":10,"column":6},"end":{"line":10,"column":20}},"3":{"start":{"line":12,"column":6},"end":{"line":12,"column":17}},"4":{"start":{"line":14,"column":6},"end":{"line":14,"column":20}},"5":{"start":{"line":16,"column":6},"end":{"line":16,"column":22}}},"fnMap":{"0":{"name":"(anonymous_0)","decl":{"start":{"line":7,"column":30},"end":{"line":7,"column":31}},"loc":{"start":{"line":7,"column":57},"end":{"line":18,"column":1}}}},"branchMap":{"0":{"loc":{"start":{"line":8,"column":2},"end":{"line":17,"column":3}},"type":"switch","locations":[{"start":{"line":9,"column":4},"end":{"line":10,"column":20}},{"start":{"line":11,"column":4},"end":{"line":12,"column":17}},{"start":{"line":13,"column":4},"end":{"line":14,"column":20}},{"start":{"line":15,"column":4},"end":{"line":16,"column":22}}]}},"s":{"0":3,"1":27,"2":12,"3":5,"4":5,"5":5},"f":{"0":27},"b":{"0":[12,5,5,5]}}
,"/Users/elis/Developer/misc/tech-tests/Frontend-Animal-Test/src/hooks/use-game.ts": {"path":"/Users/elis/Developer/misc/tech-tests/Frontend-Animal-Test/src/hooks/use-game.ts","statementMap":{"0":{"start":{"line":10,"column":32},"end":{"line":10,"column":54}},"1":{"start":{"line":12,"column":19},"end":{"line":12,"column":28}},"2":{"start":{"line":13,"column":22},"end":{"line":13,"column":31}},"3":{"start":{"line":14,"column":30},"end":{"line":14,"column":57}},"4":{"start":{"line":15,"column":23},"end":{"line":15,"column":36}},"5":{"start":{"line":20,"column":20},"end":{"line":22,"column":8}},"6":{"start":{"line":21,"column":4},"end":{"line":21,"column":58}},"7":{"start":{"line":21,"column":32},"end":{"line":21,"column":56}},"8":{"start":{"line":28,"column":29},"end":{"line":33,"column":null}},"9":{"start":{"line":30,"column":24},"end":{"line":30,"column":48}},"10":{"start":{"line":31,"column":6},"end":{"line":31,"column":27}},"11":{"start":{"line":39,"column":23},"end":{"line":43,"column":8}},"12":{"start":{"line":40,"column":4},"end":{"line":42,"column":6}},"13":{"start":{"line":41,"column":6},"end":{"line":41,"column":54}},"14":{"start":{"line":41,"column":37},"end":{"line":41,"column":53}},"15":{"start":{"line":48,"column":21},"end":{"line":50,"column":15}},"16":{"start":{"line":49,"column":4},"end":{"line":49,"column":24}},"17":{"start":{"line":57,"column":17},"end":{"line":84,"column":8}},"18":{"start":{"line":58,"column":4},"end":{"line":83,"column":7}},"19":{"start":{"line":59,"column":23},"end":{"line":59,"column":28}},"20":{"start":{"line":60,"column":29},"end":{"line":80,"column":8}},"21":{"start":{"line":61,"column":31},"end":{"line":61,"column":48}},"22":{"start":{"line":62,"column":8},"end":{"line":62,"column":29}},"23":{"start":{"line":63,"column":32},"end":{"line":63,"column":49}},"24":{"start":{"line":65,"column":30},"end":{"line":67,"column":null}},"25":{"start":{"line":66,"column":25},"end":{"line":66,"column":35}},"26":{"start":{"line":70,"column":31},"end":{"line":72,"column":null}},"27":{"start":{"line":71,"column":25},"end":{"line":71,"column":35}},"28":{"start":{"line":75,"column":8},"end":{"line":77,"column":9}},"29":{"start":{"line":76,"column":10},"end":{"line":76,"column":28}},"30":{"start":{"line":79,"column":8},"end":{"line":79,"column":22}},"31":{"start":{"line":82,"column":6},"end":{"line":82,"column":60}},"32":{"start":{"line":89,"column":15},"end":{"line":100,"column":14}},"33":{"start":{"line":90,"column":4},"end":{"line":92,"column":5}},"34":{"start":{"line":91,"column":6},"end":{"line":91,"column":13}},"35":{"start":{"line":94,"column":24},"end":{"line":94,"column":41}},"36":{"start":{"line":95,"column":4},"end":{"line":95,"column":57}},"37":{"start":{"line":96,"column":4},"end":{"line":96,"column":38}},"38":{"start":{"line":98,"column":4},"end":{"line":98,"column":29}},"39":{"start":{"line":99,"column":4},"end":{"line":99,"column":69}},"40":{"start":{"line":105,"column":16},"end":{"line":111,"column":12}},"41":{"start":{"line":106,"column":4},"end":{"line":110,"column":5}},"42":{"start":{"line":107,"column":6},"end":{"line":107,"column":34}},"43":{"start":{"line":108,"column":6},"end":{"line":108,"column":46}},"44":{"start":{"line":109,"column":6},"end":{"line":109,"column":13}},"45":{"start":{"line":116,"column":15},"end":{"line":122,"column":8}},"46":{"start":{"line":117,"column":4},"end":{"line":117,"column":33}},"47":{"start":{"line":118,"column":4},"end":{"line":121,"column":5}},"48":{"start":{"line":119,"column":6},"end":{"line":119,"column":56}},"49":{"start":{"line":120,"column":6},"end":{"line":120,"column":41}},"50":{"start":{"line":124,"column":2},"end":{"line":130,"column":20}},"51":{"start":{"line":125,"column":4},"end":{"line":125,"column":12}},"52":{"start":{"line":127,"column":4},"end":{"line":129,"column":6}},"53":{"start":{"line":128,"column":6},"end":{"line":128,"column":13}},"54":{"start":{"line":132,"column":2},"end":{"line":140,"column":4}}},"fnMap":{"0":{"name":"useGame","decl":{"start":{"line":9,"column":16},"end":{"line":9,"column":23}},"loc":{"start":{"line":9,"column":23},"end":{"line":141,"column":1}}},"1":{"name":"(anonymous_1)","decl":{"start":{"line":20,"column":32},"end":{"line":20,"column":33}},"loc":{"start":{"line":20,"column":51},"end":{"line":22,"column":3}}},"2":{"name":"(anonymous_2)","decl":{"start":{"line":21,"column":15},"end":{"line":21,"column":16}},"loc":{"start":{"line":21,"column":32},"end":{"line":21,"column":56}}},"3":{"name":"(anonymous_3)","decl":{"start":{"line":29,"column":4},"end":{"line":29,"column":5}},"loc":{"start":{"line":29,"column":39},"end":{"line":32,"column":5}}},"4":{"name":"(anonymous_4)","decl":{"start":{"line":39,"column":35},"end":{"line":39,"column":36}},"loc":{"start":{"line":39,"column":50},"end":{"line":43,"column":3}}},"5":{"name":"(anonymous_5)","decl":{"start":{"line":40,"column":15},"end":{"line":40,"column":16}},"loc":{"start":{"line":41,"column":6},"end":{"line":41,"column":54}}},"6":{"name":"(anonymous_6)","decl":{"start":{"line":41,"column":25},"end":{"line":41,"column":26}},"loc":{"start":{"line":41,"column":37},"end":{"line":41,"column":53}}},"7":{"name":"(anonymous_7)","decl":{"start":{"line":48,"column":33},"end":{"line":48,"column":36}},"loc":{"start":{"line":48,"column":38},"end":{"line":50,"column":3}}},"8":{"name":"(anonymous_8)","decl":{"start":{"line":57,"column":29},"end":{"line":57,"column":30}},"loc":{"start":{"line":57,"column":47},"end":{"line":84,"column":3}}},"9":{"name":"(anonymous_9)","decl":{"start":{"line":58,"column":15},"end":{"line":58,"column":16}},"loc":{"start":{"line":58,"column":31},"end":{"line":83,"column":5}}},"10":{"name":"(anonymous_10)","decl":{"start":{"line":60,"column":45},"end":{"line":60,"column":46}},"loc":{"start":{"line":60,"column":56},"end":{"line":80,"column":7}}},"11":{"name":"(anonymous_11)","decl":{"start":{"line":66,"column":10},"end":{"line":66,"column":11}},"loc":{"start":{"line":66,"column":25},"end":{"line":66,"column":35}}},"12":{"name":"(anonymous_12)","decl":{"start":{"line":71,"column":10},"end":{"line":71,"column":11}},"loc":{"start":{"line":71,"column":25},"end":{"line":71,"column":35}}},"13":{"name":"(anonymous_13)","decl":{"start":{"line":89,"column":27},"end":{"line":89,"column":30}},"loc":{"start":{"line":89,"column":32},"end":{"line":100,"column":3}}},"14":{"name":"(anonymous_14)","decl":{"start":{"line":105,"column":28},"end":{"line":105,"column":31}},"loc":{"start":{"line":105,"column":33},"end":{"line":111,"column":3}}},"15":{"name":"(anonymous_15)","decl":{"start":{"line":116,"column":27},"end":{"line":116,"column":30}},"loc":{"start":{"line":116,"column":32},"end":{"line":122,"column":3}}},"16":{"name":"(anonymous_16)","decl":{"start":{"line":124,"column":12},"end":{"line":124,"column":15}},"loc":{"start":{"line":124,"column":17},"end":{"line":130,"column":3}}},"17":{"name":"(anonymous_17)","decl":{"start":{"line":127,"column":11},"end":{"line":127,"column":14}},"loc":{"start":{"line":127,"column":16},"end":{"line":129,"column":5}}}},"branchMap":{"0":{"loc":{"start":{"line":75,"column":8},"end":{"line":77,"column":9}},"type":"if","locations":[{"start":{"line":75,"column":8},"end":{"line":77,"column":9}}]},"1":{"loc":{"start":{"line":82,"column":13},"end":{"line":82,"column":59}},"type":"cond-expr","locations":[{"start":{"line":82,"column":26},"end":{"line":82,"column":45}},{"start":{"line":82,"column":48},"end":{"line":82,"column":59}}]},"2":{"loc":{"start":{"line":90,"column":4},"end":{"line":92,"column":5}},"type":"if","locations":[{"start":{"line":90,"column":4},"end":{"line":92,"column":5}}]},"3":{"loc":{"start":{"line":106,"column":4},"end":{"line":110,"column":5}},"type":"if","locations":[{"start":{"line":106,"column":4},"end":{"line":110,"column":5}}]},"4":{"loc":{"start":{"line":118,"column":4},"end":{"line":121,"column":5}},"type":"if","locations":[{"start":{"line":118,"column":4},"end":{"line":121,"column":5}}]}},"s":{"0":42,"1":42,"2":42,"3":42,"4":42,"5":42,"6":13,"7":13,"8":42,"9":6,"10":6,"11":42,"12":1,"13":1,"14":1,"15":42,"16":5,"17":42,"18":165,"19":165,"20":165,"21":0,"22":0,"23":0,"24":0,"25":0,"26":0,"27":0,"28":0,"29":0,"30":0,"31":165,"32":42,"33":165,"34":0,"35":165,"36":165,"37":165,"38":165,"39":165,"40":42,"41":30,"42":30,"43":30,"44":30,"45":42,"46":30,"47":30,"48":30,"49":30,"50":42,"51":29,"52":29,"53":29,"54":42},"f":{"0":42,"1":13,"2":13,"3":6,"4":1,"5":1,"6":1,"7":5,"8":165,"9":165,"10":0,"11":0,"12":0,"13":165,"14":30,"15":30,"16":29,"17":29},"b":{"0":[0],"1":[0,165],"2":[0],"3":[30],"4":[30]}}
,"/Users/elis/Developer/misc/tech-tests/Frontend-Animal-Test/src/hooks/use-new-animal-dialog.ts": {"path":"/Users/elis/Developer/misc/tech-tests/Frontend-Animal-Test/src/hooks/use-new-animal-dialog.ts","statementMap":{"0":{"start":{"line":8,"column":34},"end":{"line":18,"column":1}},"1":{"start":{"line":9,"column":60},"end":{"line":11,"column":null}},"2":{"start":{"line":14,"column":2},"end":{"line":17,"column":4}}},"fnMap":{"0":{"name":"(anonymous_0)","decl":{"start":{"line":8,"column":34},"end":{"line":8,"column":37}},"loc":{"start":{"line":8,"column":39},"end":{"line":18,"column":1}}}},"branchMap":{},"s":{"0":2,"1":11,"2":11},"f":{"0":11},"b":{}}
,"/Users/elis/Developer/misc/tech-tests/Frontend-Animal-Test/src/providers/game-provider.tsx": {"path":"/Users/elis/Developer/misc/tech-tests/Frontend-Animal-Test/src/providers/game-provider.tsx","statementMap":{"0":{"start":{"line":12,"column":19},"end":{"line":12,"column":28}},"1":{"start":{"line":14,"column":2},"end":{"line":16,"column":4}}},"fnMap":{"0":{"name":"GameProvider","decl":{"start":{"line":11,"column":16},"end":{"line":11,"column":28}},"loc":{"start":{"line":11,"column":66},"end":{"line":17,"column":1}}}},"branchMap":{},"s":{"0":18,"1":18},"f":{"0":18},"b":{}}
}
