TN:
SF:src/test-utils.tsx
FN:6,(anonymous_0)
FN:12,(anonymous_1)
FNF:2
FNH:2
FNDA:14,(anonymous_0)
FNDA:14,(anonymous_1)
DA:6,3
DA:10,14
DA:12,14
DA:13,14
DA:20,14
LF:5
LH:5
BRDA:10,0,0,14
BRDA:10,0,1,10
BRF:2
BRH:2
end_of_record
TN:
SF:src/animals/index.ts
FN:3,(anonymous_0)
FN:63,(anonymous_1)
FN:67,(anonymous_2)
FN:97,(anonymous_3)
FN:101,(anonymous_4)
FN:106,(anonymous_5)
FN:110,(anonymous_6)
FN:114,(anonymous_7)
FN:118,(anonymous_8)
FN:122,(anonymous_9)
FN:126,(anonymous_10)
FNF:11
FNH:11
FNDA:7,(anonymous_0)
FNDA:48,(anonymous_1)
FNDA:10,(anonymous_2)
FNDA:38,(anonymous_3)
FNDA:60,(anonymous_4)
FNDA:6,(anonymous_5)
FNDA:6,(anonymous_6)
FNDA:6,(anonymous_7)
FNDA:2,(anonymous_8)
FNDA:38,(anonymous_9)
FNDA:10,(anonymous_10)
DA:3,7
DA:4,7
DA:5,7
DA:6,7
DA:7,7
DA:39,7
DA:63,7
DA:64,48
DA:67,7
DA:72,10
DA:73,10
DA:74,10
DA:76,10
DA:79,10
DA:86,10
DA:90,10
DA:97,7
DA:98,38
DA:101,7
DA:102,60
DA:103,60
DA:104,60
DA:106,60
DA:107,6
DA:110,60
DA:111,6
DA:114,60
DA:115,6
DA:118,60
DA:119,2
DA:122,60
DA:123,38
DA:126,60
DA:127,10
DA:132,10
DA:133,10
DA:134,10
DA:137,60
LF:38
LH:38
BRDA:3,0,0,7
BRDA:3,0,1,7
BRDA:73,1,0,2
BRDA:73,1,1,8
BRDA:74,2,0,2
BRDA:74,2,1,8
BRDA:98,3,0,38
BRDA:98,3,1,12
BRF:8
BRH:8
end_of_record
TN:
SF:src/components/card/index.tsx
FN:8,(anonymous_0)
FNF:1
FNH:1
FNDA:10,(anonymous_0)
DA:8,2
DA:9,10
LF:2
LH:2
BRDA:12,0,0,10
BRDA:12,0,1,10
BRF:2
BRH:2
end_of_record
TN:
SF:src/components/progress-bar/index.tsx
FN:10,(anonymous_0)
FNF:1
FNH:1
FNDA:21,(anonymous_0)
DA:10,1
DA:16,21
DA:20,21
DA:23,21
LF:4
LH:4
BRDA:16,0,0,7
BRDA:16,0,1,14
BRDA:20,1,0,7
BRDA:20,1,1,14
BRDA:27,2,0,4
BRDA:27,2,1,17
BRDA:29,3,0,0
BRDA:29,3,1,17
BRF:8
BRH:7
end_of_record
TN:
SF:src/contexts/use-game-context.ts
FN:14,useGameContext
FNF:1
FNH:1
FNDA:13,useGameContext
DA:4,5
DA:15,13
DA:16,13
DA:17,2
DA:19,11
LF:5
LH:5
BRDA:16,0,0,2
BRF:1
BRH:1
end_of_record
TN:
SF:src/features/animal-card/index.tsx
FN:10,(anonymous_0)
FN:47,(anonymous_1)
FN:50,(anonymous_2)
FN:53,(anonymous_3)
FNF:4
FNH:4
FNDA:7,(anonymous_0)
FNDA:1,(anonymous_1)
FNDA:1,(anonymous_2)
FNDA:1,(anonymous_3)
DA:10,1
DA:11,7
DA:13,7
DA:47,1
DA:50,1
DA:53,1
LF:6
LH:6
BRDA:15,0,0,2
BRDA:15,0,1,5
BRDA:22,1,0,2
BRDA:22,1,1,5
BRF:4
BRH:4
end_of_record
TN:
SF:src/features/get-started/index.tsx
FN:9,(anonymous_0)
FN:16,(anonymous_1)
FN:17,(anonymous_2)
FNF:3
FNH:3
FNDA:3,(anonymous_0)
FNDA:1,(anonymous_1)
FNDA:1,(anonymous_2)
DA:9,1
DA:10,3
DA:12,3
DA:17,1
LF:4
LH:4
BRF:0
BRH:0
end_of_record
TN:
SF:src/features/new-animal-dialog/index.tsx
FN:11,(anonymous_0)
FN:17,(anonymous_1)
FN:25,(anonymous_2)
FN:66,(anonymous_3)
FN:96,(anonymous_4)
FNF:5
FNH:4
FNDA:8,(anonymous_0)
FNDA:8,(anonymous_1)
FNDA:1,(anonymous_2)
FNDA:20,(anonymous_3)
FNDA:0,(anonymous_4)
DA:9,2
DA:11,2
DA:12,8
DA:14,8
DA:15,8
DA:17,8
DA:18,8
DA:19,5
DA:21,3
DA:25,8
DA:26,1
DA:27,1
DA:28,1
DA:29,1
DA:31,1
DA:32,1
DA:33,1
DA:34,1
DA:35,1
DA:39,8
DA:40,3
DA:43,5
DA:67,20
DA:97,0
LF:24
LH:23
BRDA:18,0,0,5
BRDA:18,0,1,3
BRDA:31,1,0,1
BRDA:31,2,0,1
BRDA:31,2,1,1
BRDA:39,3,0,3
BRF:6
BRH:6
end_of_record
TN:
SF:src/helpers/animal-type-typeguard.ts
FN:7,isAnimalType
FNF:1
FNH:1
FNDA:1,isAnimalType
DA:8,1
LF:1
LH:1
BRDA:9,0,0,1
BRDA:9,0,1,1
BRF:2
BRH:2
end_of_record
TN:
SF:src/helpers/get-animal-image.ts
FN:7,(anonymous_0)
FNF:1
FNH:1
FNDA:27,(anonymous_0)
DA:7,3
DA:8,27
DA:10,12
DA:12,5
DA:14,5
DA:16,5
LF:6
LH:6
BRDA:8,0,0,12
BRDA:8,0,1,5
BRDA:8,0,2,5
BRDA:8,0,3,5
BRF:4
BRH:4
end_of_record
TN:
SF:src/hooks/use-game.ts
FN:9,useGame
FN:20,(anonymous_1)
FN:21,(anonymous_2)
FN:29,(anonymous_3)
FN:39,(anonymous_4)
FN:40,(anonymous_5)
FN:41,(anonymous_6)
FN:48,(anonymous_7)
FN:57,(anonymous_8)
FN:58,(anonymous_9)
FN:60,(anonymous_10)
FN:66,(anonymous_11)
FN:71,(anonymous_12)
FN:89,(anonymous_13)
FN:105,(anonymous_14)
FN:116,(anonymous_15)
FN:124,(anonymous_16)
FN:127,(anonymous_17)
FNF:18
FNH:15
FNDA:42,useGame
FNDA:13,(anonymous_1)
FNDA:13,(anonymous_2)
FNDA:6,(anonymous_3)
FNDA:1,(anonymous_4)
FNDA:1,(anonymous_5)
FNDA:1,(anonymous_6)
FNDA:5,(anonymous_7)
FNDA:165,(anonymous_8)
FNDA:165,(anonymous_9)
FNDA:0,(anonymous_10)
FNDA:0,(anonymous_11)
FNDA:0,(anonymous_12)
FNDA:165,(anonymous_13)
FNDA:30,(anonymous_14)
FNDA:30,(anonymous_15)
FNDA:29,(anonymous_16)
FNDA:29,(anonymous_17)
DA:10,42
DA:12,42
DA:13,42
DA:14,42
DA:15,42
DA:20,42
DA:21,13
DA:28,42
DA:30,6
DA:31,6
DA:39,42
DA:40,1
DA:41,1
DA:48,42
DA:49,5
DA:57,42
DA:58,165
DA:59,165
DA:60,165
DA:61,0
DA:62,0
DA:63,0
DA:65,0
DA:66,0
DA:70,0
DA:71,0
DA:75,0
DA:76,0
DA:79,0
DA:82,165
DA:89,42
DA:90,165
DA:91,0
DA:94,165
DA:95,165
DA:96,165
DA:98,165
DA:99,165
DA:105,42
DA:106,30
DA:107,30
DA:108,30
DA:109,30
DA:116,42
DA:117,30
DA:118,30
DA:119,30
DA:120,30
DA:124,42
DA:125,29
DA:127,29
DA:128,29
DA:132,42
LF:53
LH:42
BRDA:75,0,0,0
BRDA:82,1,0,0
BRDA:82,1,1,165
BRDA:90,2,0,0
BRDA:106,3,0,30
BRDA:118,4,0,30
BRF:6
BRH:3
end_of_record
TN:
SF:src/hooks/use-new-animal-dialog.ts
FN:8,(anonymous_0)
FNF:1
FNH:1
FNDA:11,(anonymous_0)
DA:8,2
DA:9,11
DA:14,11
LF:3
LH:3
BRF:0
BRH:0
end_of_record
TN:
SF:src/providers/game-provider.tsx
FN:11,GameProvider
FNF:1
FNH:1
FNDA:18,GameProvider
DA:12,18
DA:14,18
LF:2
LH:2
BRF:0
BRH:0
end_of_record
