TN:
SF:src/animals/cat.ts
FN:22,(anonymous_0)
FN:27,(anonymous_1)
FNF:2
FNH:2
FNDA:4,(anonymous_0)
FNDA:1,(anonymous_1)
DA:1,2
DA:2,2
DA:3,2
DA:5,2
DA:11,2
DA:16,2
DA:17,4
DA:18,4
DA:19,4
DA:20,4
DA:23,4
DA:24,4
DA:28,1
DA:30,1
DA:33,1
DA:36,1
DA:40,1
DA:41,1
DA:42,1
LF:19
LH:19
BRF:0
BRH:0
end_of_record
TN:
SF:src/animals/dinosaur.ts
FN:23,(anonymous_0)
FN:28,(anonymous_1)
FNF:2
FNH:2
FNDA:8,(anonymous_0)
FNDA:65,(anonymous_1)
DA:1,2
DA:2,2
DA:3,2
DA:5,2
DA:11,2
DA:17,2
DA:18,8
DA:19,8
DA:20,8
DA:21,8
DA:24,8
DA:25,8
DA:29,65
DA:31,65
DA:34,65
DA:37,65
DA:41,65
DA:42,65
DA:43,65
LF:19
LH:19
BRF:0
BRH:0
end_of_record
TN:
SF:src/animals/index.ts
FN:7,(anonymous_0)
FN:33,(anonymous_1)
FN:37,(anonymous_2)
FN:41,(anonymous_3)
FNF:4
FNH:4
FNDA:2,(anonymous_0)
FNDA:19,(anonymous_1)
FNDA:207,(anonymous_2)
FNDA:128,(anonymous_3)
DA:7,2
DA:8,2
DA:9,2
DA:10,2
DA:11,2
DA:27,2
DA:33,19
DA:34,19
DA:38,207
DA:42,128
LF:10
LH:10
BRDA:7,0,0,2
BRDA:7,0,1,2
BRDA:33,1,0,0
BRF:3
BRH:2
end_of_record
TN:
SF:src/animals/parrot.ts
FN:22,(anonymous_0)
FN:26,(anonymous_1)
FNF:2
FNH:2
FNDA:3,(anonymous_0)
FNDA:1,(anonymous_1)
DA:1,1
DA:2,1
DA:3,1
DA:5,1
DA:10,1
DA:16,1
DA:17,3
DA:18,3
DA:19,3
DA:20,3
DA:23,3
DA:27,1
DA:29,1
DA:32,1
DA:35,1
DA:39,1
DA:40,1
DA:41,1
LF:18
LH:18
BRF:0
BRH:0
end_of_record
TN:
SF:src/animals/poodle.ts
FN:23,(anonymous_0)
FN:27,(anonymous_1)
FNF:2
FNH:2
FNDA:4,(anonymous_0)
FNDA:2,(anonymous_1)
DA:1,1
DA:2,1
DA:3,1
DA:5,1
DA:11,1
DA:17,1
DA:18,4
DA:19,4
DA:20,4
DA:21,4
DA:24,4
DA:28,2
DA:30,2
DA:33,2
DA:36,2
DA:40,2
DA:41,2
DA:42,2
LF:18
LH:18
BRF:0
BRH:0
end_of_record
TN:
SF:src/game/index.ts
FN:15,(anonymous_0)
FN:21,(anonymous_1)
FN:25,(anonymous_2)
FN:26,(anonymous_3)
FN:29,(anonymous_4)
FN:33,(anonymous_5)
FN:38,(anonymous_6)
FN:40,(anonymous_7)
FN:42,(anonymous_8)
FN:47,(anonymous_9)
FN:48,(anonymous_10)
FN:53,(anonymous_11)
FN:59,(anonymous_12)
FN:62,(anonymous_13)
FN:64,(anonymous_14)
FN:70,(anonymous_15)
FN:75,(anonymous_16)
FNF:17
FNH:12
FNDA:7,(anonymous_0)
FNDA:6,(anonymous_1)
FNDA:1,(anonymous_2)
FNDA:1,(anonymous_3)
FNDA:4,(anonymous_4)
FNDA:2,(anonymous_5)
FNDA:0,(anonymous_6)
FNDA:0,(anonymous_7)
FNDA:0,(anonymous_8)
FNDA:0,(anonymous_9)
FNDA:0,(anonymous_10)
FNDA:64,(anonymous_11)
FNDA:62,(anonymous_12)
FNDA:64,(anonymous_13)
FNDA:64,(anonymous_14)
FNDA:192,(anonymous_15)
FNDA:192,(anonymous_16)
DA:7,1
DA:13,7
DA:16,7
DA:17,7
DA:18,7
DA:22,6
DA:26,1
DA:30,4
DA:34,2
DA:35,2
DA:39,0
DA:40,0
DA:41,0
DA:42,0
DA:48,0
DA:54,64
DA:55,64
DA:56,64
DA:58,64
DA:59,64
DA:63,64
DA:64,64
DA:65,64
DA:66,64
DA:67,64
DA:69,64
DA:70,192
DA:74,64
DA:75,192
DA:79,64
DA:80,0
DA:84,64
DA:85,0
LF:33
LH:26
BRDA:79,0,0,0
BRDA:84,1,0,0
BRF:2
BRH:0
end_of_record
